Arguments: 
  /home/sdf/.nvm/versions/node/v16.14.2/bin/node /home/sdf/.node/corepack/yarn/1.22.15/bin/yarn.js add --dev hardhat

PATH: 
  /home/sdf/.vscode-server/bin/d045a5eda657f4d7b676dedbfa7aab8207f8a075/bin/remote-cli:/home/sdf/.nvm/versions/node/v16.14.2/bin:/usr/local/sbin:/usr/local/bin:/usr/sbin:/usr/bin:/sbin:/bin:/usr/games:/usr/local/games:/usr/lib/wsl/lib:/mnt/c/Program Files (x86)/Common Files/Oracle/Java/javapath:/mnt/c/Windows/system32:/mnt/c/Windows:/mnt/c/Windows/System32/Wbem:/mnt/c/Windows/System32/WindowsPowerShell/v1.0/:/mnt/c/Windows/System32/OpenSSH/:/mnt/c/Program Files (x86)/NVIDIA Corporation/PhysX/Common:/mnt/c/Program Files/NVIDIA Corporation/NVIDIA NvDLISR:/mnt/c/WINDOWS/system32:/mnt/c/WINDOWS:/mnt/c/WINDOWS/System32/Wbem:/mnt/c/WINDOWS/System32/WindowsPowerShell/v1.0/:/mnt/c/WINDOWS/System32/OpenSSH/:/mnt/d/software/Bandizip/:/mnt/d/software/jdk1.8/bin:/mnt/d/software/apache-maven-3.8.1-bin/apache-maven-3.8.1/bin:/mnt/d/software/Git/cmd:/mnt/d/software/nodejs/:/mnt/c/Users/刘沛铖/AppData/Local/Microsoft/WindowsApps:/mnt/d/software/IntelliJ IDEA 2021.3.1/bin:/mnt/d/software/Microsoft VS Code/bin:/mnt/c/Users/刘沛铖/AppData/Roaming/npm:/snap/bin

Yarn version: 
  1.22.15

Node version: 
  16.14.2

Platform: 
  linux x64

Trace: 
  Error: getaddrinfo EAI_AGAIN registry.npm.taobao.org
      at GetAddrInfoReqWrap.onlookup [as oncomplete] (node:dns:71:26)

npm manifest: 
  {
    "name": "hardhat-simple-storage",
    "version": "1.0.0",
    "main": "index.js",
    "license": "MIT"
  }

yarn manifest: 
  No manifest

Lockfile: 
  # THIS IS AN AUTOGENERATED FILE. DO NOT EDIT THIS FILE DIRECTLY.
  # yarn lockfile v1
